0 info it worked if it ends with ok
1 verbose cli [ 'node',
1 verbose cli   '/usr/local/bin/npm',
1 verbose cli   'install',
1 verbose cli   'kss-node',
1 verbose cli   '--save-dev' ]
2 info using npm@1.4.28
3 info using node@v0.10.32
4 verbose readDependencies using package.json deps
5 verbose cache add [ 'kss-node', null ]
6 verbose cache add name=undefined spec="kss-node" args=["kss-node",null]
7 verbose parsed url { protocol: null,
7 verbose parsed url   slashes: null,
7 verbose parsed url   auth: null,
7 verbose parsed url   host: null,
7 verbose parsed url   port: null,
7 verbose parsed url   hostname: null,
7 verbose parsed url   hash: null,
7 verbose parsed url   search: null,
7 verbose parsed url   query: null,
7 verbose parsed url   pathname: 'kss-node',
7 verbose parsed url   path: 'kss-node',
7 verbose parsed url   href: 'kss-node' }
8 silly lockFile 0c3c7ba5-kss-node kss-node
9 verbose lock kss-node /Users/garrett.baker/.npm/0c3c7ba5-kss-node.lock
10 silly lockFile 0c3c7ba5-kss-node kss-node
11 silly lockFile 0c3c7ba5-kss-node kss-node
12 verbose addNamed [ 'kss-node', '' ]
13 verbose addNamed [ null, '*' ]
14 silly lockFile cd789a80-kss-node kss-node@
15 verbose lock kss-node@ /Users/garrett.baker/.npm/cd789a80-kss-node.lock
16 silly addNameRange { name: 'kss-node', range: '*', hasData: false }
17 verbose request where is /kss-node
18 verbose request registry https://registry.npmjs.org/
19 verbose request id 39cfee1885492bec
20 verbose url raw /kss-node
21 verbose url resolving [ 'https://registry.npmjs.org/', './kss-node' ]
22 verbose url resolved https://registry.npmjs.org/kss-node
23 verbose request where is https://registry.npmjs.org/kss-node
24 info trying registry request attempt 1 at 14:59:12
25 http GET https://registry.npmjs.org/kss-node
26 http 404 https://registry.npmjs.org/kss-node
27 verbose headers { date: 'Sat, 07 Mar 2015 19:59:15 GMT',
27 verbose headers   server: 'CouchDB/1.5.0 (Erlang OTP/R16B03)',
27 verbose headers   'content-type': 'application/json',
27 verbose headers   'cache-control': 'max-age=0',
27 verbose headers   'content-length': '52',
27 verbose headers   'accept-ranges': 'bytes',
27 verbose headers   via: '1.1 varnish',
27 verbose headers   age: '0',
27 verbose headers   'x-served-by': 'cache-ord1729-ORD',
27 verbose headers   'x-cache': 'MISS',
27 verbose headers   'x-cache-hits': '0',
27 verbose headers   'x-timer': 'S1425758355.791554,VS0,VE131',
27 verbose headers   'keep-alive': 'timeout=10, max=50',
27 verbose headers   connection: 'Keep-Alive' }
28 silly registry.get cb [ 404,
28 silly registry.get   { date: 'Sat, 07 Mar 2015 19:59:15 GMT',
28 silly registry.get     server: 'CouchDB/1.5.0 (Erlang OTP/R16B03)',
28 silly registry.get     'content-type': 'application/json',
28 silly registry.get     'cache-control': 'max-age=0',
28 silly registry.get     'content-length': '52',
28 silly registry.get     'accept-ranges': 'bytes',
28 silly registry.get     via: '1.1 varnish',
28 silly registry.get     age: '0',
28 silly registry.get     'x-served-by': 'cache-ord1729-ORD',
28 silly registry.get     'x-cache': 'MISS',
28 silly registry.get     'x-cache-hits': '0',
28 silly registry.get     'x-timer': 'S1425758355.791554,VS0,VE131',
28 silly registry.get     'keep-alive': 'timeout=10, max=50',
28 silly registry.get     connection: 'Keep-Alive' } ]
29 silly lockFile cd789a80-kss-node kss-node@
30 silly lockFile cd789a80-kss-node kss-node@
31 error 404 404 Not Found: kss-node
31 error 404
31 error 404 'kss-node' is not in the npm registry.
31 error 404 You should bug the author to publish it
31 error 404 It was specified as a dependency of 'oculus'
31 error 404
31 error 404 Note that you can also install from a
31 error 404 tarball, folder, or http url, or git url.
32 error System Darwin 13.4.0
33 error command "node" "/usr/local/bin/npm" "install" "kss-node" "--save-dev"
34 error cwd /Users/garrett.baker/Projects/Personal/oculus
35 error node -v v0.10.32
36 error npm -v 1.4.28
37 error code E404
38 verbose exit [ 1, true ]
